<?xml version="1.0" encoding="UTF-8"?>
<!-- Generated by org.testng.reporters.JUnitReportReporter -->
<testsuite hostname="IBM-PF32QES8" failures="0" tests="4" name="tests.UserTests" time="2.896" errors="0" timestamp="2025-06-08T18:07:24 IST" skipped="0">
  <testcase classname="tests.UserTests" name="getUSer" time="0.946"/>
  <system-out/>
  <testcase classname="tests.UserTests" name="testCreateUser" time="1.094"/>
  <system-out/>
  <testcase classname="tests.UserTests" name="testRegisterUser" time="0.404"/>
  <system-out/>
  <testcase classname="tests.UserTests" name="testRegisterUser" time="0.452"/>
  <system-out/>
</testsuite> <!-- tests.UserTests -->
