<?xml version="1.0" encoding="UTF-8"?>
<!-- Generated by org.testng.reporters.JUnitReportReporter -->
<testsuite hostname="IBM-PF32QES8" failures="0" tests="2" name="tests.UserTests" time="2.787" errors="0" timestamp="2025-06-08T02:18:13 IST" skipped="0">
  <testcase classname="tests.UserTests" name="testRegisterUser" time="0.540"/>
  <system-out/>
  <testcase classname="tests.UserTests" name="testCreateUser" time="2.247"/>
  <system-out/>
</testsuite> <!-- tests.UserTests -->
